<?xml version="1.0" encoding="UTF-8"?>
<!-- Generated by org.testng.reporters.JUnitReportReporter -->
<testsuite skipped="0" hostname="DESKTOP-19HQ6GP" name="com.annotations.NewTours_Registration" tests="4" failures="0" timestamp="20 Sep 2019 08:50:20 GMT" time="58.169" errors="0">
  <testcase name="Register" time="0.343" classname="com.annotations.NewTours_Registration"/>
  <testcase name="Register" time="3.485" classname="com.annotations.NewTours_Registration"/>
  <testcase name="UserRegistration" time="27.384" classname="com.annotations.NewTours_Registration"/>
  <testcase name="UserRegistration" time="26.957" classname="com.annotations.NewTours_Registration"/>
</testsuite> <!-- com.annotations.NewTours_Registration -->
