<?xml version="1.0" encoding="UTF-8"?>
<!-- Generated by org.testng.reporters.JUnitReportReporter -->
<testsuite skipped="0" hostname="DESKTOP-19HQ6GP" name="com.annotations.NewTours_LogIn" tests="1" failures="0" timestamp="20 Sep 2019 16:34:34 GMT" time="32.083" errors="0">
  <testcase name="LogIn" time="32.083" classname="com.annotations.NewTours_LogIn"/>
</testsuite> <!-- com.annotations.NewTours_LogIn -->
