<?xml version="1.0" encoding="UTF-8"?>
<!-- Generated by org.testng.reporters.JUnitReportReporter -->
<testsuite skipped="0" hostname="DESKTOP-19HQ6GP" name="com.annotations.NewTours_Registration" tests="2" failures="0" timestamp="20 Sep 2019 16:34:34 GMT" time="15.020" errors="0">
  <testcase name="Register" time="1.965" classname="com.annotations.NewTours_Registration"/>
  <testcase name="UserRegistration" time="13.055" classname="com.annotations.NewTours_Registration"/>
</testsuite> <!-- com.annotations.NewTours_Registration -->
